<?xml version="1.0" encoding="UTF-8"?>
<!-- Generated by org.testng.reporters.JUnitReportReporter -->
<testsuite hostname="DESKTOP-8RBEEAC" failures="0" tests="1" name="PitshopTestScript.PitshopTest" time="17.374" errors="0" timestamp="2024-04-30T17:16:59 IST" skipped="0">
  <testcase classname="PitshopTestScript.PitshopTest" name="logout_017" time="17.374"/>
</testsuite> <!-- PitshopTestScript.PitshopTest -->
