<?xml version="1.0" encoding="UTF-8"?>
<!-- Generated by org.testng.reporters.JUnitReportReporter -->
<testsuite hostname="DESKTOP-8RBEEAC" failures="0" tests="14" name="TestScript.ElectronicsTest" time="164.818" errors="0" timestamp="2024-04-25T15:35:36 IST" skipped="0">
  <testcase classname="TestScript.ElectronicsTest" name="register" time="16.181"/>
  <testcase classname="TestScript.ElectronicsTest" name="register" time="16.168"/>
  <testcase classname="TestScript.ElectronicsTest" name="register" time="16.200"/>
  <testcase classname="TestScript.ElectronicsTest" name="addToCart" time="1.684"/>
  <testcase classname="TestScript.ElectronicsTest" name="register" time="16.033"/>
  <testcase classname="TestScript.ElectronicsTest" name="register" time="15.427"/>
  <testcase classname="TestScript.ElectronicsTest" name="register" time="15.980"/>
  <testcase classname="TestScript.ElectronicsTest" name="register" time="15.923"/>
  <testcase classname="TestScript.ElectronicsTest" name="register" time="15.193"/>
  <testcase classname="TestScript.ElectronicsTest" name="register" time="16.025"/>
  <testcase classname="TestScript.ElectronicsTest" name="register" time="15.215"/>
  <testcase classname="TestScript.ElectronicsTest" name="payment" time="1.891"/>
  <testcase classname="TestScript.ElectronicsTest" name="login" time="1.445"/>
  <testcase classname="TestScript.ElectronicsTest" name="confirmOrder" time="1.453"/>
</testsuite> <!-- TestScript.ElectronicsTest -->
