<?xml version="1.0" encoding="UTF-8"?>
<!-- Generated by org.testng.reporters.JUnitReportReporter -->
<testsuite hostname="DESKTOP-8RBEEAC" failures="0" tests="1" name="TestScript.BooksTest" time="2.776" errors="0" timestamp="2024-05-03T07:54:52 IST" skipped="0">
  <testcase classname="TestScript.BooksTest" name="booksTest_001" time="2.776"/>
</testsuite> <!-- TestScript.BooksTest -->
