<?xml version="1.0" encoding="UTF-8"?>
<!-- Generated by org.testng.reporters.JUnitReportReporter -->
<testsuite hostname="DESKTOP-8RBEEAC" failures="0" tests="2" name="TestScript.RegisterTest" time="23.645" errors="0" timestamp="2024-04-25T07:18:43 IST" skipped="0">
  <testcase classname="TestScript.RegisterTest" name="registerPage_002" time="12.097"/>
  <testcase classname="TestScript.RegisterTest" name="registerPage_001" time="11.548"/>
</testsuite> <!-- TestScript.RegisterTest -->
