<?xml version="1.0" encoding="UTF-8"?>
<!-- Generated by org.testng.reporters.JUnitReportReporter -->
<testsuite hostname="DESKTOP-8RBEEAC" failures="0" tests="1" name="TestScript.ApprarelsTest" time="5.858" errors="0" timestamp="2024-05-04T16:26:53 IST" skipped="0">
  <testcase classname="TestScript.ApprarelsTest" name="apparel_001" time="5.858"/>
</testsuite> <!-- TestScript.ApprarelsTest -->
