<?xml version="1.0" encoding="UTF-8"?>
<!-- Generated by org.testng.reporters.JUnitReportReporter -->
<testsuite hostname="DESKTOP-8RBEEAC" failures="0" tests="1" name="AbhibusTestScripts.BookingTest" time="8.178" errors="0" timestamp="2024-04-25T21:49:29 IST" skipped="0">
  <testcase classname="AbhibusTestScripts.BookingTest" name="signUp" time="8.178"/>
</testsuite> <!-- AbhibusTestScripts.BookingTest -->
